<?xml version="1.0" encoding="UTF-8"?>
<!-- Generated by org.testng.reporters.JUnitReportReporter -->
<testsuite hostname="LAPTOP-RMAM58HG" failures="0" tests="1" name="tests.HerokuAppDynamicContentTestCases" time="7.630" errors="0" timestamp="14 Oct 2024 18:42:50 GMT">
  <testcase classname="tests.HerokuAppDynamicContentTestCases" name="TestCaseVerifyContent" time="7.630"/>
</testsuite> <!-- tests.HerokuAppDynamicContentTestCases -->
