<?xml version="1.0" encoding="UTF-8"?>
<!-- Generated by org.testng.reporters.JUnitReportReporter -->
<testsuite hostname="LAPTOP-RMAM58HG" failures="0" tests="1" name="tests.HerokuAppUploadTest" time="5.170" errors="0" timestamp="15 Oct 2024 19:11:40 GMT">
  <testcase classname="tests.HerokuAppUploadTest" name="TestCaseVerifyFileUpload" time="5.170"/>
</testsuite> <!-- tests.HerokuAppUploadTest -->
