<?xml version="1.0" encoding="UTF-8"?>
<!-- Generated by org.testng.reporters.JUnitReportReporter -->
<testsuite hostname="LAPTOP-RMAM58HG" failures="0" tests="13" name="tests.PracticeFormTestCases" time="37.102" errors="0" timestamp="21 Oct 2024 18:00:53 GMT">
  <testcase classname="tests.PracticeFormTestCases" name="TestCaseEnterSubjects" time="0.464"/>
  <testcase classname="tests.PracticeFormTestCases" name="TestCaseSelectGender" time="0.252"/>
  <testcase classname="tests.PracticeFormTestCases" name="TestCaseEnterNumber" time="0.219"/>
  <testcase classname="tests.PracticeFormTestCases" name="TestCaseEnterUserAddress" time="0.235"/>
  <testcase classname="tests.PracticeFormTestCases" name="TestCaseEnterUserSateAndCity" time="15.795"/>
  <testcase classname="tests.PracticeFormTestCases" name="TestCaseEnterDOB" time="9.784"/>
  <testcase classname="tests.PracticeFormTestCases" name="TestCaseCheckHobbies2" time="0.131"/>
  <testcase classname="tests.PracticeFormTestCases" name="TestCaseEnterFirstName" time="3.305"/>
  <testcase classname="tests.PracticeFormTestCases" name="TestCaseEnterLastName" time="0.204"/>
  <testcase classname="tests.PracticeFormTestCases" name="TestCaseUploadProfilePicture" time="3.136"/>
  <testcase classname="tests.PracticeFormTestCases" name="TestCaseCheckHobbies1" time="0.115"/>
  <testcase classname="tests.PracticeFormTestCases" name="TestCaseCheckHobbies3" time="3.159"/>
  <testcase classname="tests.PracticeFormTestCases" name="TestCaseEnterUserEmail" time="0.303"/>
</testsuite> <!-- tests.PracticeFormTestCases -->
