<?xml version="1.0" encoding="UTF-8"?>
<!-- Generated by org.testng.reporters.JUnitReportReporter -->
<testsuite hostname="LAPTOP-RMAM58HG" failures="0" tests="13" name="tests.PracticeFormTestCases" time="35.206" errors="0" timestamp="16 Oct 2024 17:33:16 GMT">
  <testcase classname="tests.PracticeFormTestCases" name="TestCaseEnterLastName" time="0.094"/>
  <testcase classname="tests.PracticeFormTestCases" name="TestCaseEnterUserEmail" time="0.133"/>
  <testcase classname="tests.PracticeFormTestCases" name="TestCaseEnterFirstName" time="3.174"/>
  <testcase classname="tests.PracticeFormTestCases" name="TestCaseEnterNumber" time="0.106"/>
  <testcase classname="tests.PracticeFormTestCases" name="TestCaseEnterSubjects" time="0.195"/>
  <testcase classname="tests.PracticeFormTestCases" name="TestCaseSelectGender" time="0.130"/>
  <testcase classname="tests.PracticeFormTestCases" name="TestCaseCheckHobbies2" time="0.047"/>
  <testcase classname="tests.PracticeFormTestCases" name="TestCaseEnterUserAddress" time="0.120"/>
  <testcase classname="tests.PracticeFormTestCases" name="TestCaseUploadProfilePicture" time="3.085"/>
  <testcase classname="tests.PracticeFormTestCases" name="TestCaseEnterUserSateAndCity" time="15.524"/>
  <testcase classname="tests.PracticeFormTestCases" name="TestCaseCheckHobbies1" time="0.054"/>
  <testcase classname="tests.PracticeFormTestCases" name="TestCaseCheckHobbies3" time="3.053"/>
  <testcase classname="tests.PracticeFormTestCases" name="TestCaseEnterDOB" time="9.491"/>
</testsuite> <!-- tests.PracticeFormTestCases -->
