<?xml version="1.0" encoding="UTF-8"?>
<!-- Generated by org.testng.reporters.JUnitReportReporter -->
<testsuite hostname="LAPTOP-RMAM58HG" failures="0" tests="5" name="tests.HerokuAppDynamicControlsTestCases" time="17.326" errors="0" timestamp="21 Oct 2024 18:00:53 GMT">
  <testcase classname="tests.HerokuAppDynamicControlsTestCases" name="TestCaseVerifyCheckbox" time="0.473"/>
  <testcase classname="tests.HerokuAppDynamicControlsTestCases" name="TestCaseClickRemoveButton" time="0.099"/>
  <testcase classname="tests.HerokuAppDynamicControlsTestCases" name="TestCaseClickDisableButton" time="6.510"/>
  <testcase classname="tests.HerokuAppDynamicControlsTestCases" name="TestCaseClickEnableButton" time="0.089"/>
  <testcase classname="tests.HerokuAppDynamicControlsTestCases" name="TestCaseClickAddButton" time="10.155"/>
</testsuite> <!-- tests.HerokuAppDynamicControlsTestCases -->
