<?xml version="1.0" encoding="UTF-8"?>
<!-- Generated by org.testng.reporters.JUnitReportReporter -->
<testsuite hostname="LAPTOP-RMAM58HG" failures="0" tests="13" name="tests.PracticeFormTestCases" time="35.308" errors="0" timestamp="14 Oct 2024 18:42:50 GMT">
  <testcase classname="tests.PracticeFormTestCases" name="TestCaseEnterUserAddress" time="0.134"/>
  <testcase classname="tests.PracticeFormTestCases" name="TestCaseEnterUserEmail" time="0.144"/>
  <testcase classname="tests.PracticeFormTestCases" name="TestCaseEnterNumber" time="0.116"/>
  <testcase classname="tests.PracticeFormTestCases" name="TestCaseEnterSubjects" time="0.217"/>
  <testcase classname="tests.PracticeFormTestCases" name="TestCaseSelectGender" time="0.106"/>
  <testcase classname="tests.PracticeFormTestCases" name="TestCaseCheckHobbies3" time="3.070"/>
  <testcase classname="tests.PracticeFormTestCases" name="TestCaseEnterUserSateAndCity" time="15.568"/>
  <testcase classname="tests.PracticeFormTestCases" name="TestCaseCheckHobbies1" time="0.046"/>
  <testcase classname="tests.PracticeFormTestCases" name="TestCaseUploadProfilePicture" time="3.053"/>
  <testcase classname="tests.PracticeFormTestCases" name="TestCaseEnterFirstName" time="3.233"/>
  <testcase classname="tests.PracticeFormTestCases" name="TestCaseCheckHobbies2" time="0.048"/>
  <testcase classname="tests.PracticeFormTestCases" name="TestCaseEnterLastName" time="0.103"/>
  <testcase classname="tests.PracticeFormTestCases" name="TestCaseEnterDOB" time="9.470"/>
</testsuite> <!-- tests.PracticeFormTestCases -->
