<?xml version="1.0" encoding="UTF-8"?>
<!-- Generated by org.testng.reporters.JUnitReportReporter -->
<testsuite hostname="LAPTOP-RMAM58HG" failures="0" tests="13" name="tests.PracticeFormTestCases" time="35.245" errors="0" timestamp="15 Oct 2024 19:11:40 GMT">
  <testcase classname="tests.PracticeFormTestCases" name="TestCaseUploadProfilePicture" time="3.098"/>
  <testcase classname="tests.PracticeFormTestCases" name="TestCaseSelectGender" time="0.138"/>
  <testcase classname="tests.PracticeFormTestCases" name="TestCaseEnterLastName" time="0.092"/>
  <testcase classname="tests.PracticeFormTestCases" name="TestCaseCheckHobbies2" time="0.045"/>
  <testcase classname="tests.PracticeFormTestCases" name="TestCaseCheckHobbies3" time="3.058"/>
  <testcase classname="tests.PracticeFormTestCases" name="TestCaseCheckHobbies1" time="0.053"/>
  <testcase classname="tests.PracticeFormTestCases" name="TestCaseEnterUserAddress" time="0.148"/>
  <testcase classname="tests.PracticeFormTestCases" name="TestCaseEnterUserEmail" time="0.134"/>
  <testcase classname="tests.PracticeFormTestCases" name="TestCaseEnterNumber" time="0.103"/>
  <testcase classname="tests.PracticeFormTestCases" name="TestCaseEnterSubjects" time="0.224"/>
  <testcase classname="tests.PracticeFormTestCases" name="TestCaseEnterUserSateAndCity" time="15.500"/>
  <testcase classname="tests.PracticeFormTestCases" name="TestCaseEnterFirstName" time="3.205"/>
  <testcase classname="tests.PracticeFormTestCases" name="TestCaseEnterDOB" time="9.447"/>
</testsuite> <!-- tests.PracticeFormTestCases -->
