<?xml version="1.0" encoding="UTF-8"?>
<!-- Generated by org.testng.reporters.JUnitReportReporter -->
<testsuite hostname="LAPTOP-RMAM58HG" failures="0" tests="13" name="tests.PracticeFormTestCases" time="35.321" errors="0" timestamp="15 Oct 2024 18:24:36 GMT">
  <testcase classname="tests.PracticeFormTestCases" name="TestCaseEnterDOB" time="9.548"/>
  <testcase classname="tests.PracticeFormTestCases" name="TestCaseCheckHobbies3" time="3.047"/>
  <testcase classname="tests.PracticeFormTestCases" name="TestCaseEnterFirstName" time="3.200"/>
  <testcase classname="tests.PracticeFormTestCases" name="TestCaseCheckHobbies2" time="0.050"/>
  <testcase classname="tests.PracticeFormTestCases" name="TestCaseEnterUserAddress" time="0.107"/>
  <testcase classname="tests.PracticeFormTestCases" name="TestCaseEnterUserEmail" time="0.134"/>
  <testcase classname="tests.PracticeFormTestCases" name="TestCaseEnterSubjects" time="0.238"/>
  <testcase classname="tests.PracticeFormTestCases" name="TestCaseSelectGender" time="0.133"/>
  <testcase classname="tests.PracticeFormTestCases" name="TestCaseUploadProfilePicture" time="3.078"/>
  <testcase classname="tests.PracticeFormTestCases" name="TestCaseEnterLastName" time="0.110"/>
  <testcase classname="tests.PracticeFormTestCases" name="TestCaseCheckHobbies1" time="0.052"/>
  <testcase classname="tests.PracticeFormTestCases" name="TestCaseEnterNumber" time="0.127"/>
  <testcase classname="tests.PracticeFormTestCases" name="TestCaseEnterUserSateAndCity" time="15.497"/>
</testsuite> <!-- tests.PracticeFormTestCases -->
