<?xml version="1.0" encoding="UTF-8"?>
<!-- Generated by org.testng.reporters.JUnitReportReporter -->
<testsuite hostname="LAPTOP-RMAM58HG" failures="0" tests="9" name="tests.PracticeFormTestCases" time="18.744" errors="0" timestamp="8 Oct 2024 19:15:54 GMT">
  <testcase classname="tests.PracticeFormTestCases" name="TestCaseEnterNumber" time="3.256"/>
  <testcase classname="tests.PracticeFormTestCases" name="TestCaseEnterSubjects" time="0.454"/>
  <testcase classname="tests.PracticeFormTestCases" name="TestCaseCheckHobbies2" time="0.116"/>
  <testcase classname="tests.PracticeFormTestCases" name="TestCaseEnterFirstName" time="10.919"/>
  <testcase classname="tests.PracticeFormTestCases" name="TestCaseSelectGender" time="0.226"/>
  <testcase classname="tests.PracticeFormTestCases" name="TestCaseCheckHobbies1" time="0.074"/>
  <testcase classname="tests.PracticeFormTestCases" name="TestCaseEnterUserEmail" time="0.277"/>
  <testcase classname="tests.PracticeFormTestCases" name="TestCaseCheckHobbies3" time="3.146"/>
  <testcase classname="tests.PracticeFormTestCases" name="TestCaseEnterLastName" time="0.276"/>
</testsuite> <!-- tests.PracticeFormTestCases -->
