<?xml version="1.0" encoding="UTF-8"?>
<!-- Generated by org.testng.reporters.JUnitReportReporter -->
<testsuite hostname="LAPTOP-RMAM58HG" failures="0" tests="1" name="tests.HerokuAppDynamicControlsTestCases" time="0.314" errors="0" timestamp="15 Oct 2024 18:24:36 GMT">
  <testcase classname="tests.HerokuAppDynamicControlsTestCases" name="TestCaseVerifyCheckbox" time="0.314"/>
</testsuite> <!-- tests.HerokuAppDynamicControlsTestCases -->
