<?xml version="1.0" encoding="UTF-8"?>
<!-- Generated by org.testng.reporters.JUnitReportReporter -->
<testsuite hostname="LAPTOP-RMAM58HG" failures="0" tests="3" name="tests.HerokuAppDynamicControlsTestCases" time="3.722" errors="0" timestamp="15 Oct 2024 18:52:58 GMT">
  <testcase classname="tests.HerokuAppDynamicControlsTestCases" name="TestCaseClickRemoveButton" time="0.049"/>
  <testcase classname="tests.HerokuAppDynamicControlsTestCases" name="TestCaseClickAddButton" time="3.293"/>
  <testcase classname="tests.HerokuAppDynamicControlsTestCases" name="TestCaseVerifyCheckbox" time="0.380"/>
</testsuite> <!-- tests.HerokuAppDynamicControlsTestCases -->
