<?xml version="1.0" encoding="UTF-8"?>
<!-- Generated by org.testng.reporters.JUnitReportReporter -->
<testsuite hostname="LAPTOP-RMAM58HG" failures="0" tests="2" name="tests.HerokuAppDynamicPageElementsTestCases" time="18.604" errors="0" timestamp="21 Oct 2024 18:00:53 GMT">
  <testcase classname="tests.HerokuAppDynamicPageElementsTestCases" name="TestCaseVerifyElement2" time="8.998"/>
  <testcase classname="tests.HerokuAppDynamicPageElementsTestCases" name="TestCaseVerifyElement1" time="9.606"/>
</testsuite> <!-- tests.HerokuAppDynamicPageElementsTestCases -->
