<?xml version="1.0" encoding="UTF-8"?>
<!-- Generated by org.testng.reporters.JUnitReportReporter -->
<testsuite hostname="LAPTOP-RMAM58HG" failures="0" tests="1" name="tests.HerokuAppDynamicContentTestCases" time="7.375" errors="0" timestamp="15 Oct 2024 18:52:58 GMT">
  <testcase classname="tests.HerokuAppDynamicContentTestCases" name="TestCaseVerifyContent" time="7.375"/>
</testsuite> <!-- tests.HerokuAppDynamicContentTestCases -->
