<?xml version="1.0" encoding="UTF-8"?>
<!-- Generated by org.testng.reporters.JUnitReportReporter -->
<testsuite hostname="LAPTOP-RMAM58HG" failures="0" tests="2" name="tests.HerokuAppDynamicPageElementsTestCases" time="17.464" errors="0" timestamp="16 Oct 2024 17:33:16 GMT">
  <testcase classname="tests.HerokuAppDynamicPageElementsTestCases" name="TestCaseVerifyElement2" time="8.835"/>
  <testcase classname="tests.HerokuAppDynamicPageElementsTestCases" name="TestCaseVerifyElement1" time="8.629"/>
</testsuite> <!-- tests.HerokuAppDynamicPageElementsTestCases -->
