<?xml version="1.0" encoding="UTF-8"?>
<!-- Generated by org.testng.reporters.JUnitReportReporter -->
<testsuite hostname="LAPTOP-RMAM58HG" failures="0" tests="5" name="tests.HerokuAppDynamicControlsTestCases" time="16.869" errors="0" timestamp="16 Oct 2024 17:33:16 GMT">
  <testcase classname="tests.HerokuAppDynamicControlsTestCases" name="TestCaseClickEnableButton" time="0.042"/>
  <testcase classname="tests.HerokuAppDynamicControlsTestCases" name="TestCaseClickDisableButton" time="6.251"/>
  <testcase classname="tests.HerokuAppDynamicControlsTestCases" name="TestCaseVerifyCheckbox" time="0.394"/>
  <testcase classname="tests.HerokuAppDynamicControlsTestCases" name="TestCaseClickAddButton" time="10.136"/>
  <testcase classname="tests.HerokuAppDynamicControlsTestCases" name="TestCaseClickRemoveButton" time="0.046"/>
</testsuite> <!-- tests.HerokuAppDynamicControlsTestCases -->
