<?xml version="1.0" encoding="UTF-8"?>
<!-- Generated by org.testng.reporters.JUnitReportReporter -->
<testsuite hostname="LAPTOP-RMAM58HG" failures="0" tests="1" name="tests.HerokuAppDynamicContentTestCases" time="7.633" errors="0" timestamp="15 Oct 2024 19:11:40 GMT">
  <testcase classname="tests.HerokuAppDynamicContentTestCases" name="TestCaseVerifyContent" time="7.633"/>
</testsuite> <!-- tests.HerokuAppDynamicContentTestCases -->
