<?xml version="1.0" encoding="UTF-8"?>
<!-- Generated by org.testng.reporters.JUnitReportReporter -->
<testsuite hostname="LAPTOP-RMAM58HG" failures="0" tests="1" name="tests.HerokuAppUploadTest" time="4.536" errors="0" timestamp="16 Oct 2024 17:33:16 GMT">
  <testcase classname="tests.HerokuAppUploadTest" name="TestCaseVerifyFileUpload" time="4.536"/>
</testsuite> <!-- tests.HerokuAppUploadTest -->
